<?xml version="1.0" encoding="UTF-8"?>
<!-- Generated by org.testng.reporters.JUnitReportReporter -->
<testsuite hostname="DESKTOP-4IMJ5PC" failures="0" tests="4" name="Test1" time="0.038" errors="0" timestamp="24 Apr 2023 04:57:12 GMT" skipped="0">
  <testcase classname="Test1" name="streamMap" time="0.008"/>
  <testcase classname="Test1" name="streamFilter" time="0.005"/>
  <testcase classname="Test1" name="streamCollect" time="0.013"/>
  <testcase classname="Test1" name="regular" time="0.012"/>
</testsuite> <!-- Test1 -->
